<?xml version="1.0" encoding="UTF-8"?>
<!-- Generated by org.testng.reporters.JUnitXMLReporter -->
<testsuite ignored="0" hostname="LAPTOP-TA55IDD4" failures="0" tests="1" name="Sprint_01" time="0.092" errors="0" timestamp="2022-11-17T21:12:56 GMT">
  <testcase classname="common.Utilities" name="@BeforeClass Mbrowser" time="-1.668719576643E9">
    <failure type="org.testng.TestNGException" message="
Parameter &amp;apos;Browsers&amp;apos; is required by BeforeClass on method Mbrowser but has not been marked @Optional or defined
in U:\eclipsework bipasha\Eclipse work\TestngoverallOwn\Xml.xml">
      <![CDATA[org.testng.TestNGException: 
Parameter 'Browsers' is required by BeforeClass on method Mbrowser but has not been marked @Optional or defined
in U:\eclipsework bipasha\Eclipse work\TestngoverallOwn\Xml.xml
at java.base/java.util.ArrayList.forEach(ArrayList.java:1541)
... Removed 22 stack frames]]>
    </failure>
  </testcase> <!-- @BeforeClass Mbrowser -->
  <testcase classname="common.Utilities" name="@AfterClass Screenshotss" time="-1.668719576695E9">
    <skipped/>
  </testcase> <!-- @AfterClass Screenshotss -->
  <testcase classname="Amazon.Amazonown" name="f" time="0.0">
    <skipped/>
  </testcase> <!-- f -->
</testsuite> <!-- Sprint_01 -->
